mads 1.9.9 build 23 (22 Jun 14)
Source: C:\Users\D025328\Documents\Eclipse\workspace.jac\com.wudsn.ide.ref\ASM\Atari8\MADS\MADS-Reference-Error-Location.asm
     1 				;	Error reference source file for MADS
     2 				;
     3 				;	Label "unknownLabel" is undefined but used in this file.
     4 				;	Label "unknownIncludeLabel" is undefined but used in the included file.
     5
     6 				;	@com.wudsn.ide.asm.hardware=ATARI8BIT
     7
     8 					org $2000
     9 					
    10 					ICL "include/MADS-Reference-Source-IncludE.asm"
Source: C:\Users\D025328\Documents\Eclipse\workspace.jac\com.wudsn.ide.ref\ASM\Atari8\MADS\include\MADS-Reference-Source-IncludE.asm
     1 				; Test
     2 					.proc unusedproc ;Unused procedure
     3 FFFF> 2000-2000> EA		nop
     4 					.endp
     5
     6 2001				org $2000
     7 2000			included
     8 2000-2005> 4C 00 00		jmp unknownIncludeLabel
     9
    10 					
    11
    12 2003 4C 00 00			jmp unknownLabel
    13
